<?xml version="1.0" encoding="UTF-8"?>
<testng-results skipped="0" failed="0" ignored="0" total="1" passed="1">
  <reporter-output>
  </reporter-output>
  <suite name="Default suite" duration-ms="11714" started-at="2023-03-02T13:47:56 IST" finished-at="2023-03-02T13:48:08 IST">
    <groups>
    </groups>
    <test name="Default test" duration-ms="11714" started-at="2023-03-02T13:47:56 IST" finished-at="2023-03-02T13:48:08 IST">
      <class name="pageObjMod.FlightPageTest">
        <test-method status="PASS" signature="reservationDetails()[pri:0, instance:pageObjMod.FlightPageTest@6c49835d]" name="reservationDetails" duration-ms="11666" started-at="2023-03-02T13:47:56 IST" finished-at="2023-03-02T13:48:08 IST">
          <reporter-output>
          </reporter-output>
        </test-method> <!-- reservationDetails -->
      </class> <!-- pageObjMod.FlightPageTest -->
    </test> <!-- Default test -->
  </suite> <!-- Default suite -->
</testng-results>
